C:\USERS\IMYUORM8\DOCUMENTS\ARENA.IO\SERVER\ARENA.IO.SERVER\DEBUGATTACHER\DEBUG\DEBUGATTACHER.PCH
C:\USERS\IMYUORM8\DOCUMENTS\ARENA.IO\SERVER\ARENA.IO.SERVER\DEBUGATTACHER\DEBUG\STDAFX.OBJ
C:\USERS\IMYUORM8\DOCUMENTS\ARENA.IO\SERVER\ARENA.IO.SERVER\DEBUGATTACHER\DEBUG\VC110.PDB
C:\USERS\IMYUORM8\DOCUMENTS\ARENA.IO\SERVER\ARENA.IO.SERVER\DEBUGATTACHER\DEBUG\DEBUGATTACHER.OBJ
C:\USERS\IMYUORM8\DOCUMENTS\ARENA.IO\SERVER\ARENA.IO.SERVER\DEBUG\DEBUGATTACHER.ILK
C:\USERS\IMYUORM8\DOCUMENTS\ARENA.IO\SERVER\ARENA.IO.SERVER\DEBUG\DEBUGATTACHER.EXE
C:\USERS\IMYUORM8\DOCUMENTS\ARENA.IO\SERVER\ARENA.IO.SERVER\DEBUG\DEBUGATTACHER.PDB
C:\Users\imyuorm8\Documents\arena.io\server\arena.io.server\DebugAttacher\Debug\DebugAttacher.obj
C:\Users\imyuorm8\Documents\arena.io\server\arena.io.server\DebugAttacher\Debug\stdafx.obj
C:\Users\imyuorm8\Documents\arena.io\server\arena.io.server\DebugAttacher\Debug\cl.command.1.tlog
C:\Users\imyuorm8\Documents\arena.io\server\arena.io.server\DebugAttacher\Debug\CL.read.1.tlog
C:\Users\imyuorm8\Documents\arena.io\server\arena.io.server\DebugAttacher\Debug\CL.write.1.tlog
C:\Users\imyuorm8\Documents\arena.io\server\arena.io.server\DebugAttacher\Debug\link-cvtres.read.1.tlog
C:\Users\imyuorm8\Documents\arena.io\server\arena.io.server\DebugAttacher\Debug\link-cvtres.write.1.tlog
C:\Users\imyuorm8\Documents\arena.io\server\arena.io.server\DebugAttacher\Debug\link-rc.read.1.tlog
C:\Users\imyuorm8\Documents\arena.io\server\arena.io.server\DebugAttacher\Debug\link-rc.write.1.tlog
C:\Users\imyuorm8\Documents\arena.io\server\arena.io.server\DebugAttacher\Debug\link.command.1.tlog
C:\Users\imyuorm8\Documents\arena.io\server\arena.io.server\DebugAttacher\Debug\link.read.1.tlog
C:\Users\imyuorm8\Documents\arena.io\server\arena.io.server\DebugAttacher\Debug\link.write.1.tlog
C:\Users\imyuorm8\Documents\arena.io\server\arena.io.server\DebugAttacher\Debug\DebugAttacher.pch
C:\Users\imyuorm8\Documents\arena.io\server\arena.io.server\DebugAttacher\Debug\vc110.idb
C:\Users\imyuorm8\Documents\arena.io\server\arena.io.server\DebugAttacher\Debug\vc110.pdb
C:\Users\imyuorm8\Documents\arena.io\server\arena.io.server\Debug\DebugAttacher.pdb
C:\Users\imyuorm8\Documents\arena.io\server\arena.io.server\Debug\DebugAttacher.exe
C:\Users\imyuorm8\Documents\arena.io\server\arena.io.server\Debug\DebugAttacher.ilk
